This is pdfTeX, Version 3.1415926-2.5-1.40.14 (TeX Live 2013/Debian) (format=pdflatex 2017.9.17)  21 SEP 2017 11:46
entering extended mode
 restricted \write18 enabled.
 %&-line parsing enabled.
**thesis_form.tex
(./thesis_form.tex
LaTeX2e <2011/06/27>
Babel <3.9h> and hyphenation patterns for 78 languages loaded.
(/usr/share/texlive/texmf-dist/tex/latex/base/latex209.def
File: latex209.def 1998/05/13 v0.52 Standard LaTeX file


          Entering LaTeX 2.09 COMPATIBILITY MODE
 *************************************************************
    !!WARNING!!    !!WARNING!!    !!WARNING!!    !!WARNING!!   
 
 This mode attempts to provide an emulation of the LaTeX 2.09
 author environment so that OLD documents can be successfully
 processed. It should NOT be used for NEW documents!
 
 New documents should use Standard LaTeX conventions and start
 with the \documentclass command.
 
 Compatibility mode is UNLIKELY TO WORK with LaTeX 2.09 style
 files that change any internal macros, especially not with
 those that change the FONT SELECTION or OUTPUT ROUTINES.
 
 Therefore such style files MUST BE UPDATED to use
          Current Standard LaTeX: LaTeX2e.
 If you suspect that you may be using such a style file, which
 is probably very, very old by now, then you should attempt to
 get it updated by sending a copy of this error message to the
 author of that file.
 *************************************************************

\footheight=\dimen102
\@maxsep=\dimen103
\@dblmaxsep=\dimen104
\@cla=\count79
\@clb=\count80
\mscount=\count81
(/usr/share/texlive/texmf-dist/tex/latex/base/tracefnt.sty
Package: tracefnt 1997/05/29 v3.0j Standard LaTeX package (font tracing)
\tracingfonts=\count82
LaTeX Info: Redefining \selectfont on input line 101.
)
\symbold=\mathgroup4
\symsans=\mathgroup5
\symtypewriter=\mathgroup6
\symitalic=\mathgroup7
\symsmallcaps=\mathgroup8
\symslanted=\mathgroup9
LaTeX Font Info:    Redeclaring math alphabet \mathbf on input line 293.
LaTeX Font Info:    Redeclaring math alphabet \mathsf on input line 294.
LaTeX Font Info:    Redeclaring math alphabet \mathtt on input line 295.
LaTeX Font Info:    Redeclaring math alphabet \mathit on input line 301.
LaTeX Info: Redefining \em on input line 311.

(/usr/share/texlive/texmf-dist/tex/latex/base/latexsym.sty
Package: latexsym 1998/08/17 v2.2e Standard LaTeX package (lasy symbols)
\symlasy=\mathgroup10
LaTeX Font Info:    Overwriting symbol font `lasy' in version `bold'
(Font)                  U/lasy/m/n --> U/lasy/b/n on input line 47.
)
LaTeX Font Info:    Redeclaring math delimiter \lgroup on input line 375.
LaTeX Font Info:    Redeclaring math delimiter \rgroup on input line 377.
LaTeX Font Info:    Redeclaring math delimiter \bracevert on input line 379.
)
Compatibility mode: loading thesis.sty rather than thesis.cls.
 (./thesis.sty
Document Style 'thesis'. Released $Date: 88/04/05 10:05:47 $
(./the12.sty)
\descriptionmargin=\dimen105
\c@part=\count83
\c@chapter=\count84
\c@bug=\count85
\c@section=\count86
\c@subsection=\count87
\c@subsubsection=\count88
\c@paragraph=\count89
\c@subparagraph=\count90
\c@tocpage=\count91
\c@lofpage=\count92
\c@lotpage=\count93
\c@figure=\count94
\c@table=\count95
 (./thesistitlepage.sty)
\c@currenthour=\count96
\c@currentminute=\count97
) (./thesistitlepage.sty) (./psfig.sty
\@unused=\write3
\ps@stream=\read1
\p@intvaluex=\dimen106
\p@intvaluey=\dimen107

psfig/tex 1.10-dvips
) (./fancybox.sty
\c@tocdepth=\count98

Style option: `fancybox' v1.2 <1998/02/27> (tvz)
\@fancybox=\box26
\shadowsize=\dimen108
\@Sbox=\box27
\do@VerbBox=\toks14
\the@fancyput=\toks15
\this@fancyput=\toks16
\EndVerbatimTokens=\toks17
\Verbatim@Outfile=\write4
\Verbatim@Infile=\read2
) (./titlesec.sty
Package: titlesec 1999/02/20 v2.1 Sectioning titles
) (./thesis_form.aux (./ch1.aux) (./ch2.aux) (./ch3.aux)
(./ch4.aux) (./ch5.aux))
\openout1 = `thesis_form.aux'.

LaTeX Font Info:    Checking defaults for OML/cmm/m/it on input line 27.
LaTeX Font Info:    ... okay on input line 27.
LaTeX Font Info:    Checking defaults for T1/cmr/m/n on input line 27.
LaTeX Font Info:    ... okay on input line 27.
LaTeX Font Info:    Checking defaults for OT1/cmr/m/n on input line 27.
LaTeX Font Info:    ... okay on input line 27.
LaTeX Font Info:    Checking defaults for OMS/cmsy/m/n on input line 27.
LaTeX Font Info:    ... okay on input line 27.
LaTeX Font Info:    Checking defaults for OMX/cmex/m/n on input line 27.
LaTeX Font Info:    ... okay on input line 27.
LaTeX Font Info:    Checking defaults for U/cmr/m/n on input line 27.
LaTeX Font Info:    ... okay on input line 27.
 [1

{/var/lib/texmf/fonts/map/pdftex/updmap/pdftex.map}]
\chbox=\box28
\hacklength=\skip41
(./thesis_form.toc
LaTeX Font Info:    External font `cmex10' loaded for size
(Font)              <12> on input line 1.
LaTeX Font Info:    External font `cmex10' loaded for size
(Font)              <8> on input line 1.
LaTeX Font Info:    External font `cmex10' loaded for size
(Font)              <6> on input line 1.
LaTeX Font Info:    Try loading font information for U+lasy on input line 1.
 (/usr/share/texlive/texmf-dist/tex/latex/base/ulasy.fd
File: ulasy.fd 1998/08/17 v2.2e LaTeX symbol font definitions
))
\tf@toc=\write5
\openout5 = `thesis_form.toc'.


[1


]
\chbox=\box29
 (./thesis_form.lof)
\tf@lof=\write6
\openout6 = `thesis_form.lof'.

 [2

]
\chbox=\box30
 (./thesis_form.lot)
\tf@lot=\write7
\openout7 = `thesis_form.lot'.

 [3

]
\c@definition=\count99
\c@theorem=\count100
\c@lemma=\count101
\c@ec=\count102
\openout2 = `ch1.aux'.

 (./ch1.tex
Chapter 1.
\chbox=\box31
) [1


]
\openout2 = `ch2.aux'.

 (./ch2.tex
Chapter 2.
\chbox=\box32
[2



]) [3]
\openout2 = `ch3.aux'.

 (./ch3.tex
Chapter 3.
\chbox=\box33
) [4



] [5
Non-PDF special ignored!
Non-PDF special ignored!
Non-PDF special ignored!
Non-PDF special ignored!
Non-PDF special ignored!
Non-PDF special ignored!]
\openout2 = `ch4.aux'.

 (./ch4.tex
Chapter 4.
\chbox=\box34
[6



] [7]

LaTeX Warning: No positions in optional float specifier.
               Default added (so using `tbp') on input line 71.

) [8
Non-PDF special ignored!
Non-PDF special ignored!
Non-PDF special ignored!
Non-PDF special ignored!
Non-PDF special ignored!
Non-PDF special ignored!] [9]
\openout2 = `ch5.aux'.

 (./ch5.tex
Chapter 5.
\chbox=\box35
) [10



] (./thesis_form.bbl
Using the thesis bibliography style!
[10

]
\chbox=\box36
 [11

]) [12] [12] (./thesis_form.aux (./ch1.aux) (./ch2.aux) (./ch3.aux)
(./ch4.aux) (./ch5.aux)) ) 
Here is how much of TeX's memory you used:
 1112 strings out of 493304
 12054 string characters out of 6139871
 72670 words of memory out of 5000000
 4554 multiletter control sequences out of 15000+600000
 13858 words of font info for 50 fonts, out of 8000000 for 9000
 957 hyphenation exceptions out of 8191
 25i,7n,36p,520b,224s stack positions out of 5000i,500n,10000p,200000b,80000s
</usr/share/texlive/texmf-dist/fonts/type1/public/ams
fonts/cm/cmbx12.pfb></usr/share/texlive/texmf-dist/fonts/type1/public/amsfonts/
cm/cmr12.pfb></usr/share/texlive/texmf-dist/fonts/type1/public/amsfonts/cm/cmsl
12.pfb></usr/share/texlive/texmf-dist/fonts/type1/public/amsfonts/cm/cmti12.pfb
>
Output written on thesis_form.pdf (18 pages, 76733 bytes).
PDF statistics:
 78 PDF objects out of 1000 (max. 8388607)
 53 compressed objects within 1 object stream
 0 named destinations out of 1000 (max. 500000)
 1 words of extra memory for PDF output out of 10000 (max. 10000000)

